SF:lib\database\memory_provider.dart
DA:8,2
DA:9,6
DA:11,8
DA:12,4
DA:13,4
DA:15,8
DA:16,8
DA:26,2
DA:27,6
DA:29,4
DA:38,2
DA:39,8
LF:12
LH:12
end_of_record
SF:lib\modules\product_module\models\product.dart
DA:8,4
LF:1
LH:1
end_of_record
SF:lib\modules\product_module\bloc\product_bloc.dart
DA:12,3
DA:13,2
DA:14,5
DA:15,2
DA:16,3
DA:17,2
DA:19,2
DA:20,3
DA:21,2
DA:25,0
DA:27,0
LF:11
LH:9
end_of_record
SF:lib\modules\product_module\bloc\product_event.dart
DA:7,1
DA:16,1
LF:2
LH:2
end_of_record
SF:lib\modules\product_module\bloc\product_state.dart
DA:9,1
LF:1
LH:1
end_of_record
SF:lib\extensions\double_extensions.dart
DA:4,2
DA:5,2
DA:6,2
LF:3
LH:3
end_of_record
SF:lib\widgets\custom_elevated_button_widget.dart
DA:5,1
DA:11,1
DA:18,1
DA:20,1
DA:21,1
DA:23,1
DA:24,1
DA:26,1
DA:27,2
LF:9
LH:9
end_of_record
SF:lib\widgets\custom_confirmation_alert_dialog_widget.dart
DA:4,1
DA:9,1
DA:15,1
DA:17,1
DA:18,2
DA:19,2
DA:20,1
DA:21,2
DA:22,1
DA:23,0
DA:24,0
LF:11
LH:9
end_of_record
SF:lib\modules\product_module\views\widgets\product_list_item_widget.dart
DA:10,1
DA:13,1
DA:17,1
DA:19,1
DA:21,1
DA:23,3
DA:24,1
DA:26,1
DA:31,1
DA:34,1
DA:35,1
DA:37,1
DA:39,1
DA:40,2
DA:56,1
DA:57,3
DA:63,1
DA:65,1
DA:66,0
DA:76,1
DA:77,0
DA:78,0
DA:80,0
DA:81,0
DA:84,0
DA:85,0
DA:86,0
LF:27
LH:19
end_of_record
SF:lib\widgets\custom_text_form_field_widget.dart
DA:4,1
DA:15,1
DA:27,1
DA:28,1
DA:35,0
DA:36,0
DA:37,0
DA:40,0
DA:41,0
DA:45,1
DA:47,2
DA:48,2
DA:49,0
DA:50,0
DA:54,3
DA:55,0
DA:58,1
DA:61,1
DA:63,2
DA:64,3
DA:65,1
DA:68,1
DA:70,1
DA:71,1
DA:72,2
DA:73,2
DA:74,1
DA:75,1
DA:76,1
DA:77,2
DA:78,1
DA:79,2
DA:80,5
DA:81,1
DA:82,1
DA:83,4
DA:85,1
DA:86,1
DA:87,3
DA:89,1
DA:90,1
DA:91,4
DA:93,1
DA:94,1
DA:95,3
DA:97,1
DA:98,1
DA:99,3
LF:48
LH:40
end_of_record
